<?xml version="1.0" encoding="utf-8" standalone="no"?>
<!--This file represents the results of running a test suite-->
<test-results name="D:\KafkaRepo\Kafka\KafkaTest\bin\x64\Debug\KafkaTest.dll" total="7" errors="0" failures="0" not-run="0" inconclusive="0" ignored="0" skipped="0" invalid="0" date="2019-08-14" time="09:49:37">
  <environment nunit-version="2.6.2.12296" clr-version="4.0.30319.42000" os-version="Microsoft Windows NT 6.2.9200.0" platform="Win32NT" cwd="D:\KafkaRepo\Kafka\OpenCover\56a4158f-92ac-46c9-b833-a1e7f5f12efc" machine-name="W10ENT" user="admin" user-domain="W10ENT" />
  <culture-info current-culture="en-US" current-uiculture="en-US" />
  <test-suite type="Assembly" name="D:\KafkaRepo\Kafka\KafkaTest\bin\x64\Debug\KafkaTest.dll" executed="True" result="Success" success="True" time="0.219" asserts="0">
    <results>
      <test-suite type="Namespace" name="KafkaTest" executed="True" result="Success" success="True" time="0.162" asserts="0">
        <results>
          <test-suite type="TestFixture" name="BrokerTest" executed="True" result="Success" success="True" time="0.160" asserts="0">
            <results>
              <test-case name="KafkaTest.BrokerTest.PublishMessageWithNullValue" executed="True" result="Success" success="True" time="0.114" asserts="1" />
              <test-case name="KafkaTest.BrokerTest.PublishWhenTopicDidNotExistTest" executed="True" result="Success" success="True" time="0.006" asserts="1" />
              <test-case name="KafkaTest.BrokerTest.PublishWhenTopicExist" executed="True" result="Success" success="True" time="0.001" asserts="2" />
              <test-case name="KafkaTest.BrokerTest.RequestMessageWithInvalidOffset" executed="True" result="Success" success="True" time="0.005" asserts="2" />
              <test-case name="KafkaTest.BrokerTest.RequestMessageWithInvalidTopic" executed="True" result="Success" success="True" time="0.001" asserts="1" />
              <test-case name="KafkaTest.BrokerTest.RequestMessageWithNullParametar" executed="True" result="Success" success="True" time="0.001" asserts="1" />
              <test-case name="KafkaTest.BrokerTest.RequestMessageWithValidParametars" executed="True" result="Success" success="True" time="0.011" asserts="3" />
            </results>
          </test-suite>
        </results>
      </test-suite>
    </results>
  </test-suite>
</test-results>