<?xml version="1.0" encoding="utf-8" standalone="no"?>
<!--This file represents the results of running a test suite-->
<test-results name="D:\MasterKafkaRepo\Kafka\x64\KafkaTest.dll" total="1" errors="0" failures="0" not-run="0" inconclusive="0" ignored="0" skipped="0" invalid="0" date="2019-08-29" time="10:43:41">
  <environment nunit-version="2.6.2.12296" clr-version="4.0.30319.42000" os-version="Microsoft Windows NT 6.2.9200.0" platform="Win32NT" cwd="D:\MasterKafkaRepo\Kafka\OpenCover\bfde7c6f-795a-4be6-a02c-b37fc94f6eaa" machine-name="W10ENT" user="admin" user-domain="W10ENT" />
  <culture-info current-culture="en-US" current-uiculture="en-US" />
  <test-suite type="Assembly" name="D:\MasterKafkaRepo\Kafka\x64\KafkaTest.dll" executed="True" result="Success" success="True" time="0.889" asserts="0">
    <results>
      <test-suite type="Namespace" name="KafkaTest" executed="True" result="Success" success="True" time="0.835" asserts="0">
        <results>
          <test-suite type="TestFixture" name="PublishManagerTest" executed="True" result="Success" success="True" time="0.834" asserts="0">
            <results>
              <test-case name="KafkaTest.PublishManagerTest.PublishAsyncDataToManager" executed="True" result="Success" success="True" time="0.826" asserts="0" />
            </results>
          </test-suite>
        </results>
      </test-suite>
    </results>
  </test-suite>
</test-results>