<?xml version="1.0" encoding="utf-8" standalone="no"?>
<!--This file represents the results of running a test suite-->
<test-results name="D:\MasterKafkaRepo\Kafka\x64\KafkaTest.dll" total="0" errors="0" failures="0" not-run="1" inconclusive="0" ignored="0" skipped="0" invalid="1" date="2019-08-28" time="16:20:40">
  <environment nunit-version="2.6.2.12296" clr-version="4.0.30319.42000" os-version="Microsoft Windows NT 6.2.9200.0" platform="Win32NT" cwd="D:\MasterKafkaRepo\Kafka\OpenCover\d50ac6e0-c1e6-463c-9772-0f1bc6800603" machine-name="W10ENT" user="admin" user-domain="W10ENT" />
  <culture-info current-culture="en-US" current-uiculture="en-US" />
  <test-suite type="Assembly" name="D:\MasterKafkaRepo\Kafka\x64\KafkaTest.dll" executed="True" result="Failure" success="False" time="0.066" asserts="0">
    <results>
      <test-suite type="Namespace" name="KafkaTest" executed="True" result="Failure" success="False" time="0.014" asserts="0">
        <results>
          <test-suite type="TestFixture" name="ReplicationServiceTest" executed="False" result="NotRunnable">
            <reason>
              <message><![CDATA[Invalid signature for SetUp or TearDown method: Initialize]]></message>
            </reason>
            <results>
              <test-case name="KafkaTest.ReplicationServiceTest.ClientRegisterToReplicationService" executed="False" result="NotRunnable">
                <reason>
                  <message><![CDATA[Invalid signature for SetUp or TearDown method: Initialize]]></message>
                </reason>
              </test-case>
            </results>
          </test-suite>
        </results>
      </test-suite>
    </results>
  </test-suite>
</test-results>