<?xml version="1.0" encoding="utf-8" standalone="no"?>
<!--This file represents the results of running a test suite-->
<test-results name="D:\KafkaRepo\Kafka\KafkaTest\bin\x64\Debug\KafkaTest.dll" total="14" errors="1" failures="0" not-run="0" inconclusive="0" ignored="0" skipped="0" invalid="0" date="2019-08-14" time="13:41:28">
  <environment nunit-version="2.6.2.12296" clr-version="4.0.30319.42000" os-version="Microsoft Windows NT 6.2.9200.0" platform="Win32NT" cwd="D:\KafkaRepo\Kafka\OpenCover\f81baade-3a17-4d33-9580-4355a48edcfb" machine-name="W10ENT" user="admin" user-domain="W10ENT" />
  <culture-info current-culture="en-US" current-uiculture="en-US" />
  <test-suite type="Assembly" name="D:\KafkaRepo\Kafka\KafkaTest\bin\x64\Debug\KafkaTest.dll" executed="True" result="Failure" success="False" time="0.512" asserts="0">
    <results>
      <test-suite type="Namespace" name="KafkaTest" executed="True" result="Failure" success="False" time="0.433" asserts="0">
        <results>
          <test-suite type="TestFixture" name="BrokerTest" executed="True" result="Failure" success="False" time="0.431" asserts="0">
            <results>
              <test-case name="KafkaTest.BrokerTest.PublishMessageWithNullValue" executed="True" result="Success" success="True" time="0.136" asserts="1" />
              <test-case name="KafkaTest.BrokerTest.PublishStream" executed="True" result="Success" success="True" time="0.036" asserts="2" />
              <test-case name="KafkaTest.BrokerTest.PublishStreamWithNullValues" executed="True" result="Success" success="True" time="0.002" asserts="2" />
              <test-case name="KafkaTest.BrokerTest.PublishWhenTopicDidNotExistTest" executed="True" result="Success" success="True" time="0.002" asserts="1" />
              <test-case name="KafkaTest.BrokerTest.PublishWhenTopicExist" executed="True" result="Success" success="True" time="0.005" asserts="2" />
              <test-case name="KafkaTest.BrokerTest.RequestMessageWithInvalidOffset" executed="True" result="Success" success="True" time="0.005" asserts="2" />
              <test-case name="KafkaTest.BrokerTest.RequestMessageWithInvalidTopic" executed="True" result="Success" success="True" time="0.001" asserts="1" />
              <test-case name="KafkaTest.BrokerTest.RequestMessageWithNullParametar" executed="True" result="Success" success="True" time="0.001" asserts="1" />
              <test-case name="KafkaTest.BrokerTest.RequestMessageWithValidParametars" executed="True" result="Success" success="True" time="0.007" asserts="3" />
              <test-case name="KafkaTest.BrokerTest.RequestStream" executed="True" result="Success" success="True" time="0.005" asserts="3" />
              <test-case name="KafkaTest.BrokerTest.RequestStreamWithBadCount" executed="True" result="Error" success="False" time="0.027" asserts="2">
                <failure>
                  <message><![CDATA[System.NullReferenceException : Object reference not set to an instance of an object.]]></message>
                  <stack-trace><![CDATA[at KafkaTest.BrokerTest.RequestStreamWithBadCount() in D:\KafkaRepo\Kafka\KafkaTest\BrokerTest.cs:line 236
]]></stack-trace>
                </failure>
              </test-case>
              <test-case name="KafkaTest.BrokerTest.RequestStreamWithNullValues" executed="True" result="Success" success="True" time="0.001" asserts="1" />
              <test-case name="KafkaTest.BrokerTest.RequestStreamWithValidCount" executed="True" result="Success" success="True" time="0.001" asserts="0" />
              <test-case name="KafkaTest.BrokerTest.TopicCountTest" executed="True" result="Success" success="True" time="0.002" asserts="3" />
            </results>
          </test-suite>
        </results>
      </test-suite>
    </results>
  </test-suite>
</test-results>