<?xml version="1.0" encoding="utf-8" standalone="no"?>
<!--This file represents the results of running a test suite-->
<test-results name="D:\KafkaRepo\Kafka\KafkaTest\bin\x64\Debug\KafkaTest.dll" total="2" errors="0" failures="0" not-run="0" inconclusive="0" ignored="0" skipped="0" invalid="0" date="2019-08-13" time="13:36:22">
  <environment nunit-version="2.6.2.12296" clr-version="4.0.30319.42000" os-version="Microsoft Windows NT 6.2.9200.0" platform="Win32NT" cwd="D:\KafkaRepo\Kafka\OpenCover\e59c236d-43fb-42bd-8ab8-4b6b3bb4df2a" machine-name="W10ENT" user="admin" user-domain="W10ENT" />
  <culture-info current-culture="en-US" current-uiculture="en-US" />
  <test-suite type="Assembly" name="D:\KafkaRepo\Kafka\KafkaTest\bin\x64\Debug\KafkaTest.dll" executed="True" result="Success" success="True" time="0.157" asserts="0">
    <results>
      <test-suite type="Namespace" name="KafkaTest" executed="True" result="Success" success="True" time="0.100" asserts="0">
        <results>
          <test-suite type="TestFixture" name="BrokerTest" executed="True" result="Success" success="True" time="0.098" asserts="0">
            <results>
              <test-case name="KafkaTest.BrokerTest.PublishWhenTopicDidNotExistTest" executed="True" result="Success" success="True" time="0.077" asserts="1" />
              <test-case name="KafkaTest.BrokerTest.PublishWhenTopicExist" executed="True" result="Success" success="True" time="0.002" asserts="2" />
            </results>
          </test-suite>
        </results>
      </test-suite>
    </results>
  </test-suite>
</test-results>