<?xml version="1.0" encoding="utf-8" standalone="no"?>
<!--This file represents the results of running a test suite-->
<test-results name="D:\MasterKafkaRepo\Kafka\KafkaTest\bin\x64\Debug\KafkaTest.dll" total="17" errors="17" failures="0" not-run="0" inconclusive="0" ignored="0" skipped="0" invalid="0" date="2019-08-23" time="09:57:56">
  <environment nunit-version="2.6.2.12296" clr-version="4.0.30319.42000" os-version="Microsoft Windows NT 6.2.9200.0" platform="Win32NT" cwd="D:\MasterKafkaRepo\Kafka\OpenCover\32660fae-f20d-49a9-9c13-c1ee867585b9" machine-name="W10ENT" user="admin" user-domain="W10ENT" />
  <culture-info current-culture="en-US" current-uiculture="en-US" />
  <test-suite type="Assembly" name="D:\MasterKafkaRepo\Kafka\KafkaTest\bin\x64\Debug\KafkaTest.dll" executed="True" result="Failure" success="False" time="0.947" asserts="0">
    <results>
      <test-suite type="Namespace" name="KafkaTest" executed="True" result="Failure" success="False" time="0.852" asserts="0">
        <results>
          <test-suite type="TestFixture" name="BrokerTest" executed="True" result="Failure" success="False" time="0.850" asserts="0">
            <results>
              <test-case name="KafkaTest.BrokerTest.AddTopic" executed="True" result="Error" success="False" time="0.622" asserts="0">
                <failure>
                  <message><![CDATA[System.UriFormatException : Invalid URI: The hostname could not be parsed.]]></message>
                  <stack-trace><![CDATA[at System.Uri.CreateThis(String uri, Boolean dontEscape, UriKind uriKind)
at System.Uri..ctor(String uriString)
at System.ServiceModel.EndpointAddress..ctor(String uri)
at Common.Proxy.ReplicationClientProxy`1..ctor(String ipAddress, String port, String endpoint) in D:\MasterKafkaRepo\Kafka\Common\Proxy\ReplicationClientProxy.cs:line 35
at Common.Implementation.Broker`1.InitializeReplicationClientProxy() in D:\MasterKafkaRepo\Kafka\Common\Implementation\Broker.cs:line 189
at Common.Implementation.Broker`1..ctor(State state) in D:\MasterKafkaRepo\Kafka\Common\Implementation\Broker.cs:line 31
at KafkaTest.BrokerTest.AddTopic() in D:\MasterKafkaRepo\Kafka\KafkaTest\BrokerTest.cs:line 259
]]></stack-trace>
                </failure>
              </test-case>
              <test-case name="KafkaTest.BrokerTest.AddTopicWhenTopicIsAlreadyAdded" executed="True" result="Error" success="False" time="0.002" asserts="0">
                <failure>
                  <message><![CDATA[System.UriFormatException : Invalid URI: The hostname could not be parsed.]]></message>
                  <stack-trace><![CDATA[at System.Uri.CreateThis(String uri, Boolean dontEscape, UriKind uriKind)
at System.Uri..ctor(String uriString)
at System.ServiceModel.EndpointAddress..ctor(String uri)
at Common.Proxy.ReplicationClientProxy`1..ctor(String ipAddress, String port, String endpoint) in D:\MasterKafkaRepo\Kafka\Common\Proxy\ReplicationClientProxy.cs:line 35
at Common.Implementation.Broker`1.InitializeReplicationClientProxy() in D:\MasterKafkaRepo\Kafka\Common\Implementation\Broker.cs:line 189
at Common.Implementation.Broker`1..ctor(State state) in D:\MasterKafkaRepo\Kafka\Common\Implementation\Broker.cs:line 31
at KafkaTest.BrokerTest.AddTopicWhenTopicIsAlreadyAdded() in D:\MasterKafkaRepo\Kafka\KafkaTest\BrokerTest.cs:line 283
]]></stack-trace>
                </failure>
              </test-case>
              <test-case name="KafkaTest.BrokerTest.DeleteTopic" executed="True" result="Error" success="False" time="0.001" asserts="0">
                <failure>
                  <message><![CDATA[System.UriFormatException : Invalid URI: The hostname could not be parsed.]]></message>
                  <stack-trace><![CDATA[at System.Uri.CreateThis(String uri, Boolean dontEscape, UriKind uriKind)
at System.Uri..ctor(String uriString)
at System.ServiceModel.EndpointAddress..ctor(String uri)
at Common.Proxy.ReplicationClientProxy`1..ctor(String ipAddress, String port, String endpoint) in D:\MasterKafkaRepo\Kafka\Common\Proxy\ReplicationClientProxy.cs:line 35
at Common.Implementation.Broker`1.InitializeReplicationClientProxy() in D:\MasterKafkaRepo\Kafka\Common\Implementation\Broker.cs:line 189
at Common.Implementation.Broker`1..ctor(State state) in D:\MasterKafkaRepo\Kafka\Common\Implementation\Broker.cs:line 31
at KafkaTest.BrokerTest.DeleteTopic() in D:\MasterKafkaRepo\Kafka\KafkaTest\BrokerTest.cs:line 269
]]></stack-trace>
                </failure>
              </test-case>
              <test-case name="KafkaTest.BrokerTest.DeleteTopicWhichDontExist" executed="True" result="Error" success="False" time="0.002" asserts="0">
                <failure>
                  <message><![CDATA[System.UriFormatException : Invalid URI: The hostname could not be parsed.]]></message>
                  <stack-trace><![CDATA[at System.Uri.CreateThis(String uri, Boolean dontEscape, UriKind uriKind)
at System.Uri..ctor(String uriString)
at System.ServiceModel.EndpointAddress..ctor(String uri)
at Common.Proxy.ReplicationClientProxy`1..ctor(String ipAddress, String port, String endpoint) in D:\MasterKafkaRepo\Kafka\Common\Proxy\ReplicationClientProxy.cs:line 35
at Common.Implementation.Broker`1.InitializeReplicationClientProxy() in D:\MasterKafkaRepo\Kafka\Common\Implementation\Broker.cs:line 189
at Common.Implementation.Broker`1..ctor(State state) in D:\MasterKafkaRepo\Kafka\Common\Implementation\Broker.cs:line 31
at KafkaTest.BrokerTest.DeleteTopicWhichDontExist() in D:\MasterKafkaRepo\Kafka\KafkaTest\BrokerTest.cs:line 297
]]></stack-trace>
                </failure>
              </test-case>
              <test-case name="KafkaTest.BrokerTest.PublishMessageWithNullValue" executed="True" result="Error" success="False" time="0.001" asserts="0">
                <failure>
                  <message><![CDATA[System.UriFormatException : Invalid URI: The hostname could not be parsed.]]></message>
                  <stack-trace><![CDATA[at System.Uri.CreateThis(String uri, Boolean dontEscape, UriKind uriKind)
at System.Uri..ctor(String uriString)
at System.ServiceModel.EndpointAddress..ctor(String uri)
at Common.Proxy.ReplicationClientProxy`1..ctor(String ipAddress, String port, String endpoint) in D:\MasterKafkaRepo\Kafka\Common\Proxy\ReplicationClientProxy.cs:line 35
at Common.Implementation.Broker`1.InitializeReplicationClientProxy() in D:\MasterKafkaRepo\Kafka\Common\Implementation\Broker.cs:line 189
at Common.Implementation.Broker`1..ctor(State state) in D:\MasterKafkaRepo\Kafka\Common\Implementation\Broker.cs:line 31
at KafkaTest.BrokerTest.PublishMessageWithNullValue() in D:\MasterKafkaRepo\Kafka\KafkaTest\BrokerTest.cs:line 30
]]></stack-trace>
                </failure>
              </test-case>
              <test-case name="KafkaTest.BrokerTest.PublishStreamSync" executed="True" result="Error" success="False" time="0.002" asserts="0">
                <failure>
                  <message><![CDATA[System.UriFormatException : Invalid URI: The hostname could not be parsed.]]></message>
                  <stack-trace><![CDATA[at System.Uri.CreateThis(String uri, Boolean dontEscape, UriKind uriKind)
at System.Uri..ctor(String uriString)
at System.ServiceModel.EndpointAddress..ctor(String uri)
at Common.Proxy.ReplicationClientProxy`1..ctor(String ipAddress, String port, String endpoint) in D:\MasterKafkaRepo\Kafka\Common\Proxy\ReplicationClientProxy.cs:line 35
at Common.Implementation.Broker`1.InitializeReplicationClientProxy() in D:\MasterKafkaRepo\Kafka\Common\Implementation\Broker.cs:line 189
at Common.Implementation.Broker`1..ctor(State state) in D:\MasterKafkaRepo\Kafka\Common\Implementation\Broker.cs:line 31
at KafkaTest.BrokerTest.PublishStreamSync() in D:\MasterKafkaRepo\Kafka\KafkaTest\BrokerTest.cs:line 58
]]></stack-trace>
                </failure>
              </test-case>
              <test-case name="KafkaTest.BrokerTest.PublishStreamWithNullValues" executed="True" result="Error" success="False" time="0.002" asserts="0">
                <failure>
                  <message><![CDATA[System.UriFormatException : Invalid URI: The hostname could not be parsed.]]></message>
                  <stack-trace><![CDATA[at System.Uri.CreateThis(String uri, Boolean dontEscape, UriKind uriKind)
at System.Uri..ctor(String uriString)
at System.ServiceModel.EndpointAddress..ctor(String uri)
at Common.Proxy.ReplicationClientProxy`1..ctor(String ipAddress, String port, String endpoint) in D:\MasterKafkaRepo\Kafka\Common\Proxy\ReplicationClientProxy.cs:line 35
at Common.Implementation.Broker`1.InitializeReplicationClientProxy() in D:\MasterKafkaRepo\Kafka\Common\Implementation\Broker.cs:line 189
at Common.Implementation.Broker`1..ctor(State state) in D:\MasterKafkaRepo\Kafka\Common\Implementation\Broker.cs:line 31
at KafkaTest.BrokerTest.PublishStreamWithNullValues() in D:\MasterKafkaRepo\Kafka\KafkaTest\BrokerTest.cs:line 85
]]></stack-trace>
                </failure>
              </test-case>
              <test-case name="KafkaTest.BrokerTest.PublishWhenTopicDidNotExistTest" executed="True" result="Error" success="False" time="0.006" asserts="0">
                <failure>
                  <message><![CDATA[System.UriFormatException : Invalid URI: The hostname could not be parsed.]]></message>
                  <stack-trace><![CDATA[at System.Uri.CreateThis(String uri, Boolean dontEscape, UriKind uriKind)
at System.Uri..ctor(String uriString)
at System.ServiceModel.EndpointAddress..ctor(String uri)
at Common.Proxy.ReplicationClientProxy`1..ctor(String ipAddress, String port, String endpoint) in D:\MasterKafkaRepo\Kafka\Common\Proxy\ReplicationClientProxy.cs:line 35
at Common.Implementation.Broker`1.InitializeReplicationClientProxy() in D:\MasterKafkaRepo\Kafka\Common\Implementation\Broker.cs:line 189
at Common.Implementation.Broker`1..ctor(State state) in D:\MasterKafkaRepo\Kafka\Common\Implementation\Broker.cs:line 31
at KafkaTest.BrokerTest.PublishWhenTopicDidNotExistTest() in D:\MasterKafkaRepo\Kafka\KafkaTest\BrokerTest.cs:line 18
]]></stack-trace>
                </failure>
              </test-case>
              <test-case name="KafkaTest.BrokerTest.PublishWhenTopicExist" executed="True" result="Error" success="False" time="0.002" asserts="0">
                <failure>
                  <message><![CDATA[System.UriFormatException : Invalid URI: The hostname could not be parsed.]]></message>
                  <stack-trace><![CDATA[at System.Uri.CreateThis(String uri, Boolean dontEscape, UriKind uriKind)
at System.Uri..ctor(String uriString)
at System.ServiceModel.EndpointAddress..ctor(String uri)
at Common.Proxy.ReplicationClientProxy`1..ctor(String ipAddress, String port, String endpoint) in D:\MasterKafkaRepo\Kafka\Common\Proxy\ReplicationClientProxy.cs:line 35
at Common.Implementation.Broker`1.InitializeReplicationClientProxy() in D:\MasterKafkaRepo\Kafka\Common\Implementation\Broker.cs:line 189
at Common.Implementation.Broker`1..ctor(State state) in D:\MasterKafkaRepo\Kafka\Common\Implementation\Broker.cs:line 31
at KafkaTest.BrokerTest.PublishWhenTopicExist() in D:\MasterKafkaRepo\Kafka\KafkaTest\BrokerTest.cs:line 40
]]></stack-trace>
                </failure>
              </test-case>
              <test-case name="KafkaTest.BrokerTest.RequestMessageWithInvalidOffset" executed="True" result="Error" success="False" time="0.004" asserts="0">
                <failure>
                  <message><![CDATA[System.UriFormatException : Invalid URI: The hostname could not be parsed.]]></message>
                  <stack-trace><![CDATA[at System.Uri.CreateThis(String uri, Boolean dontEscape, UriKind uriKind)
at System.Uri..ctor(String uriString)
at System.ServiceModel.EndpointAddress..ctor(String uri)
at Common.Proxy.ReplicationClientProxy`1..ctor(String ipAddress, String port, String endpoint) in D:\MasterKafkaRepo\Kafka\Common\Proxy\ReplicationClientProxy.cs:line 35
at Common.Implementation.Broker`1.InitializeReplicationClientProxy() in D:\MasterKafkaRepo\Kafka\Common\Implementation\Broker.cs:line 189
at Common.Implementation.Broker`1..ctor(State state) in D:\MasterKafkaRepo\Kafka\Common\Implementation\Broker.cs:line 31
at KafkaTest.BrokerTest.RequestMessageWithInvalidOffset() in D:\MasterKafkaRepo\Kafka\KafkaTest\BrokerTest.cs:line 122
]]></stack-trace>
                </failure>
              </test-case>
              <test-case name="KafkaTest.BrokerTest.RequestMessageWithInvalidTopic" executed="True" result="Error" success="False" time="0.001" asserts="0">
                <failure>
                  <message><![CDATA[System.UriFormatException : Invalid URI: The hostname could not be parsed.]]></message>
                  <stack-trace><![CDATA[at System.Uri.CreateThis(String uri, Boolean dontEscape, UriKind uriKind)
at System.Uri..ctor(String uriString)
at System.ServiceModel.EndpointAddress..ctor(String uri)
at Common.Proxy.ReplicationClientProxy`1..ctor(String ipAddress, String port, String endpoint) in D:\MasterKafkaRepo\Kafka\Common\Proxy\ReplicationClientProxy.cs:line 35
at Common.Implementation.Broker`1.InitializeReplicationClientProxy() in D:\MasterKafkaRepo\Kafka\Common\Implementation\Broker.cs:line 189
at Common.Implementation.Broker`1..ctor(State state) in D:\MasterKafkaRepo\Kafka\Common\Implementation\Broker.cs:line 31
at KafkaTest.BrokerTest.RequestMessageWithInvalidTopic() in D:\MasterKafkaRepo\Kafka\KafkaTest\BrokerTest.cs:line 112
]]></stack-trace>
                </failure>
              </test-case>
              <test-case name="KafkaTest.BrokerTest.RequestMessageWithNullParametar" executed="True" result="Error" success="False" time="0.002" asserts="0">
                <failure>
                  <message><![CDATA[System.UriFormatException : Invalid URI: The hostname could not be parsed.]]></message>
                  <stack-trace><![CDATA[at System.Uri.CreateThis(String uri, Boolean dontEscape, UriKind uriKind)
at System.Uri..ctor(String uriString)
at System.ServiceModel.EndpointAddress..ctor(String uri)
at Common.Proxy.ReplicationClientProxy`1..ctor(String ipAddress, String port, String endpoint) in D:\MasterKafkaRepo\Kafka\Common\Proxy\ReplicationClientProxy.cs:line 35
at Common.Implementation.Broker`1.InitializeReplicationClientProxy() in D:\MasterKafkaRepo\Kafka\Common\Implementation\Broker.cs:line 189
at Common.Implementation.Broker`1..ctor(State state) in D:\MasterKafkaRepo\Kafka\Common\Implementation\Broker.cs:line 31
at KafkaTest.BrokerTest.RequestMessageWithNullParametar() in D:\MasterKafkaRepo\Kafka\KafkaTest\BrokerTest.cs:line 157
]]></stack-trace>
                </failure>
              </test-case>
              <test-case name="KafkaTest.BrokerTest.RequestMessageWithValidParametars" executed="True" result="Error" success="False" time="0.003" asserts="0">
                <failure>
                  <message><![CDATA[System.UriFormatException : Invalid URI: The hostname could not be parsed.]]></message>
                  <stack-trace><![CDATA[at System.Uri.CreateThis(String uri, Boolean dontEscape, UriKind uriKind)
at System.Uri..ctor(String uriString)
at System.ServiceModel.EndpointAddress..ctor(String uri)
at Common.Proxy.ReplicationClientProxy`1..ctor(String ipAddress, String port, String endpoint) in D:\MasterKafkaRepo\Kafka\Common\Proxy\ReplicationClientProxy.cs:line 35
at Common.Implementation.Broker`1.InitializeReplicationClientProxy() in D:\MasterKafkaRepo\Kafka\Common\Implementation\Broker.cs:line 189
at Common.Implementation.Broker`1..ctor(State state) in D:\MasterKafkaRepo\Kafka\Common\Implementation\Broker.cs:line 31
at KafkaTest.BrokerTest.RequestMessageWithValidParametars() in D:\MasterKafkaRepo\Kafka\KafkaTest\BrokerTest.cs:line 139
]]></stack-trace>
                </failure>
              </test-case>
              <test-case name="KafkaTest.BrokerTest.RequestStream" executed="True" result="Error" success="False" time="0.003" asserts="0">
                <failure>
                  <message><![CDATA[System.UriFormatException : Invalid URI: The hostname could not be parsed.]]></message>
                  <stack-trace><![CDATA[at System.Uri.CreateThis(String uri, Boolean dontEscape, UriKind uriKind)
at System.Uri..ctor(String uriString)
at System.ServiceModel.EndpointAddress..ctor(String uri)
at Common.Proxy.ReplicationClientProxy`1..ctor(String ipAddress, String port, String endpoint) in D:\MasterKafkaRepo\Kafka\Common\Proxy\ReplicationClientProxy.cs:line 35
at Common.Implementation.Broker`1.InitializeReplicationClientProxy() in D:\MasterKafkaRepo\Kafka\Common\Implementation\Broker.cs:line 189
at Common.Implementation.Broker`1..ctor(State state) in D:\MasterKafkaRepo\Kafka\Common\Implementation\Broker.cs:line 31
at KafkaTest.BrokerTest.RequestStream() in D:\MasterKafkaRepo\Kafka\KafkaTest\BrokerTest.cs:line 168
]]></stack-trace>
                </failure>
              </test-case>
              <test-case name="KafkaTest.BrokerTest.RequestStreamWithBadCount" executed="True" result="Error" success="False" time="0.003" asserts="0">
                <failure>
                  <message><![CDATA[System.UriFormatException : Invalid URI: The hostname could not be parsed.]]></message>
                  <stack-trace><![CDATA[at System.Uri.CreateThis(String uri, Boolean dontEscape, UriKind uriKind)
at System.Uri..ctor(String uriString)
at System.ServiceModel.EndpointAddress..ctor(String uri)
at Common.Proxy.ReplicationClientProxy`1..ctor(String ipAddress, String port, String endpoint) in D:\MasterKafkaRepo\Kafka\Common\Proxy\ReplicationClientProxy.cs:line 35
at Common.Implementation.Broker`1.InitializeReplicationClientProxy() in D:\MasterKafkaRepo\Kafka\Common\Implementation\Broker.cs:line 189
at Common.Implementation.Broker`1..ctor(State state) in D:\MasterKafkaRepo\Kafka\Common\Implementation\Broker.cs:line 31
at KafkaTest.BrokerTest.RequestStreamWithBadCount() in D:\MasterKafkaRepo\Kafka\KafkaTest\BrokerTest.cs:line 209
]]></stack-trace>
                </failure>
              </test-case>
              <test-case name="KafkaTest.BrokerTest.RequestStreamWithNullValues" executed="True" result="Error" success="False" time="0.002" asserts="0">
                <failure>
                  <message><![CDATA[System.UriFormatException : Invalid URI: The hostname could not be parsed.]]></message>
                  <stack-trace><![CDATA[at System.Uri.CreateThis(String uri, Boolean dontEscape, UriKind uriKind)
at System.Uri..ctor(String uriString)
at System.ServiceModel.EndpointAddress..ctor(String uri)
at Common.Proxy.ReplicationClientProxy`1..ctor(String ipAddress, String port, String endpoint) in D:\MasterKafkaRepo\Kafka\Common\Proxy\ReplicationClientProxy.cs:line 35
at Common.Implementation.Broker`1.InitializeReplicationClientProxy() in D:\MasterKafkaRepo\Kafka\Common\Implementation\Broker.cs:line 189
at Common.Implementation.Broker`1..ctor(State state) in D:\MasterKafkaRepo\Kafka\Common\Implementation\Broker.cs:line 31
at KafkaTest.BrokerTest.RequestStreamWithNullValues() in D:\MasterKafkaRepo\Kafka\KafkaTest\BrokerTest.cs:line 199
]]></stack-trace>
                </failure>
              </test-case>
              <test-case name="KafkaTest.BrokerTest.TopicCountTest" executed="True" result="Error" success="False" time="0.003" asserts="0">
                <failure>
                  <message><![CDATA[System.UriFormatException : Invalid URI: The hostname could not be parsed.]]></message>
                  <stack-trace><![CDATA[at System.Uri.CreateThis(String uri, Boolean dontEscape, UriKind uriKind)
at System.Uri..ctor(String uriString)
at System.ServiceModel.EndpointAddress..ctor(String uri)
at Common.Proxy.ReplicationClientProxy`1..ctor(String ipAddress, String port, String endpoint) in D:\MasterKafkaRepo\Kafka\Common\Proxy\ReplicationClientProxy.cs:line 35
at Common.Implementation.Broker`1.InitializeReplicationClientProxy() in D:\MasterKafkaRepo\Kafka\Common\Implementation\Broker.cs:line 189
at Common.Implementation.Broker`1..ctor(State state) in D:\MasterKafkaRepo\Kafka\Common\Implementation\Broker.cs:line 31
at KafkaTest.BrokerTest.TopicCountTest() in D:\MasterKafkaRepo\Kafka\KafkaTest\BrokerTest.cs:line 244
]]></stack-trace>
                </failure>
              </test-case>
            </results>
          </test-suite>
        </results>
      </test-suite>
    </results>
  </test-suite>
</test-results>