<?xml version="1.0" encoding="utf-8" standalone="no"?>
<!--This file represents the results of running a test suite-->
<test-results name="D:\MasterKafkaRepo\Kafka\x64\KafkaTest.dll" total="1" errors="1" failures="0" not-run="0" inconclusive="0" ignored="0" skipped="0" invalid="0" date="2019-08-29" time="08:01:38">
  <environment nunit-version="2.6.2.12296" clr-version="4.0.30319.42000" os-version="Microsoft Windows NT 6.2.9200.0" platform="Win32NT" cwd="D:\MasterKafkaRepo\Kafka\OpenCover\ee7b331b-67ff-4126-a063-a78855611bca" machine-name="W10ENT" user="admin" user-domain="W10ENT" />
  <culture-info current-culture="en-US" current-uiculture="en-US" />
  <test-suite type="Assembly" name="D:\MasterKafkaRepo\Kafka\x64\KafkaTest.dll" executed="True" result="Failure" success="False" time="0.754" asserts="0">
    <results>
      <test-suite type="Namespace" name="KafkaTest" executed="True" result="Failure" success="False" time="0.701" asserts="0">
        <results>
          <test-suite type="TestFixture" name="ReplicationServiceTest" executed="True" result="Failure" success="False" time="0.701" asserts="0">
            <results>
              <test-case name="KafkaTest.ReplicationServiceTest.ForwardIntegirtyUpdateRequestToClient" executed="True" result="Error" success="False" time="0.691" asserts="0">
                <failure>
                  <message><![CDATA[System.NullReferenceException : Object reference not set to an instance of an object.]]></message>
                  <stack-trace><![CDATA[at Common.Implementation.ReplicationService`1.ForwardIntegrityUpdate() in D:\MasterKafkaRepo\Kafka\Common\Implementation\ReplicationService.cs:line 85
at KafkaTest.ReplicationServiceTest.ForwardIntegirtyUpdateRequestToClient() in D:\MasterKafkaRepo\Kafka\KafkaTest\ReplicationServiceTest.cs:line 51
]]></stack-trace>
                </failure>
              </test-case>
            </results>
          </test-suite>
        </results>
      </test-suite>
    </results>
  </test-suite>
</test-results>