<?xml version="1.0" encoding="utf-8" standalone="no"?>
<!--This file represents the results of running a test suite-->
<test-results name="D:\KafkaRepo\Kafka\KafkaTest\bin\x64\Debug\KafkaTest.dll" total="13" errors="0" failures="2" not-run="0" inconclusive="0" ignored="0" skipped="0" invalid="0" date="2019-08-14" time="16:33:29">
  <environment nunit-version="2.6.2.12296" clr-version="4.0.30319.42000" os-version="Microsoft Windows NT 6.2.9200.0" platform="Win32NT" cwd="D:\KafkaRepo\Kafka\OpenCover\a0eaa3fe-9c63-4e01-be3d-53545c447492" machine-name="W10ENT" user="admin" user-domain="W10ENT" />
  <culture-info current-culture="en-US" current-uiculture="en-US" />
  <test-suite type="Assembly" name="D:\KafkaRepo\Kafka\KafkaTest\bin\x64\Debug\KafkaTest.dll" executed="True" result="Failure" success="False" time="0.675" asserts="0">
    <results>
      <test-suite type="Namespace" name="KafkaTest" executed="True" result="Failure" success="False" time="0.618" asserts="0">
        <results>
          <test-suite type="TestFixture" name="BrokerTest" executed="True" result="Failure" success="False" time="0.617" asserts="0">
            <results>
              <test-case name="KafkaTest.BrokerTest.PublishMessageWithNullValue" executed="True" result="Success" success="True" time="0.274" asserts="0" />
              <test-case name="KafkaTest.BrokerTest.PublishStream" executed="True" result="Success" success="True" time="0.054" asserts="0" />
              <test-case name="KafkaTest.BrokerTest.PublishStreamWithNullValues" executed="True" result="Failure" success="False" time="0.111" asserts="0">
                <failure>
                  <message><![CDATA[  Expected: -1
  But was:  0
]]></message>
                  <stack-trace><![CDATA[at KafkaTest.BrokerTest.PublishStreamWithNullValues() in D:\KafkaRepo\Kafka\KafkaTest\BrokerTest.cs:line 107
]]></stack-trace>
                </failure>
              </test-case>
              <test-case name="KafkaTest.BrokerTest.PublishWhenTopicDidNotExistTest" executed="True" result="Success" success="True" time="0.001" asserts="0" />
              <test-case name="KafkaTest.BrokerTest.PublishWhenTopicExist" executed="True" result="Success" success="True" time="0.001" asserts="0" />
              <test-case name="KafkaTest.BrokerTest.RequestMessageWithInvalidOffset" executed="True" result="Success" success="True" time="0.006" asserts="0" />
              <test-case name="KafkaTest.BrokerTest.RequestMessageWithInvalidTopic" executed="True" result="Success" success="True" time="0.001" asserts="0" />
              <test-case name="KafkaTest.BrokerTest.RequestMessageWithNullParametar" executed="True" result="Success" success="True" time="0.001" asserts="0" />
              <test-case name="KafkaTest.BrokerTest.RequestMessageWithValidParametars" executed="True" result="Success" success="True" time="0.016" asserts="0" />
              <test-case name="KafkaTest.BrokerTest.RequestStream" executed="True" result="Success" success="True" time="0.006" asserts="0" />
              <test-case name="KafkaTest.BrokerTest.RequestStreamWithBadCount" executed="True" result="Success" success="True" time="0.002" asserts="0" />
              <test-case name="KafkaTest.BrokerTest.RequestStreamWithNullValues" executed="True" result="Success" success="True" time="0.001" asserts="0" />
              <test-case name="KafkaTest.BrokerTest.TopicCountTest" executed="True" result="Failure" success="False" time="0.012" asserts="0">
                <failure>
                  <message><![CDATA[Multiple failures or warnings in test:
  1)   Expected: -1
  But was:  0

  2)   Expected: True
  But was:  False

]]></message>
                  <stack-trace><![CDATA[at KafkaTest.BrokerTest.TopicCountTest() in D:\KafkaRepo\Kafka\KafkaTest\BrokerTest.cs:line 253
]]></stack-trace>
                </failure>
              </test-case>
            </results>
          </test-suite>
        </results>
      </test-suite>
    </results>
  </test-suite>
</test-results>