<?xml version="1.0" encoding="utf-8" standalone="no"?>
<!--This file represents the results of running a test suite-->
<test-results name="D:\KafkaRepo\Kafka\KafkaTest\bin\x64\Debug\KafkaTest.dll" total="1" errors="1" failures="0" not-run="0" inconclusive="0" ignored="0" skipped="0" invalid="0" date="2019-08-14" time="13:43:21">
  <environment nunit-version="2.6.2.12296" clr-version="4.0.30319.42000" os-version="Microsoft Windows NT 6.2.9200.0" platform="Win32NT" cwd="D:\KafkaRepo\Kafka\OpenCover\5f47b348-6cf4-429e-9907-304df63b1c53" machine-name="W10ENT" user="admin" user-domain="W10ENT" />
  <culture-info current-culture="en-US" current-uiculture="en-US" />
  <test-suite type="Assembly" name="D:\KafkaRepo\Kafka\KafkaTest\bin\x64\Debug\KafkaTest.dll" executed="True" result="Failure" success="False" time="0.316" asserts="0">
    <results>
      <test-suite type="Namespace" name="KafkaTest" executed="True" result="Failure" success="False" time="0.227" asserts="0">
        <results>
          <test-suite type="TestFixture" name="BrokerTest" executed="True" result="Failure" success="False" time="0.225" asserts="0">
            <results>
              <test-case name="KafkaTest.BrokerTest.RequestStreamWithBadCount" executed="True" result="Error" success="False" time="0.197" asserts="2">
                <failure>
                  <message><![CDATA[System.NullReferenceException : Object reference not set to an instance of an object.]]></message>
                  <stack-trace><![CDATA[at KafkaTest.BrokerTest.RequestStreamWithBadCount() in D:\KafkaRepo\Kafka\KafkaTest\BrokerTest.cs:line 236
]]></stack-trace>
                </failure>
              </test-case>
            </results>
          </test-suite>
        </results>
      </test-suite>
    </results>
  </test-suite>
</test-results>