<?xml version="1.0" encoding="utf-8" standalone="no"?>
<!--This file represents the results of running a test suite-->
<test-results name="D:\MasterKafkaRepo\Kafka\KafkaTest\bin\x64\Debug\KafkaTest.dll" total="17" errors="0" failures="7" not-run="0" inconclusive="0" ignored="0" skipped="0" invalid="0" date="2019-08-23" time="10:01:17">
  <environment nunit-version="2.6.2.12296" clr-version="4.0.30319.42000" os-version="Microsoft Windows NT 6.2.9200.0" platform="Win32NT" cwd="D:\MasterKafkaRepo\Kafka\OpenCover\891f5035-c059-4042-a404-c71992fc5323" machine-name="W10ENT" user="admin" user-domain="W10ENT" />
  <culture-info current-culture="en-US" current-uiculture="en-US" />
  <test-suite type="Assembly" name="D:\MasterKafkaRepo\Kafka\KafkaTest\bin\x64\Debug\KafkaTest.dll" executed="True" result="Failure" success="False" time="0.840" asserts="0">
    <results>
      <test-suite type="Namespace" name="KafkaTest" executed="True" result="Failure" success="False" time="0.766" asserts="0">
        <results>
          <test-suite type="TestFixture" name="BrokerTest" executed="True" result="Failure" success="False" time="0.765" asserts="0">
            <results>
              <test-case name="KafkaTest.BrokerTest.AddTopic" executed="True" result="Success" success="True" time="0.280" asserts="0" />
              <test-case name="KafkaTest.BrokerTest.AddTopicWhenTopicIsAlreadyAdded" executed="True" result="Success" success="True" time="0.001" asserts="0" />
              <test-case name="KafkaTest.BrokerTest.DeleteTopic" executed="True" result="Success" success="True" time="0.002" asserts="0" />
              <test-case name="KafkaTest.BrokerTest.DeleteTopicWhichDontExist" executed="True" result="Success" success="True" time="0.001" asserts="0" />
              <test-case name="KafkaTest.BrokerTest.PublishMessageWithNullValue" executed="True" result="Success" success="True" time="0.064" asserts="0" />
              <test-case name="KafkaTest.BrokerTest.PublishStreamSync" executed="True" result="Failure" success="False" time="0.169" asserts="0">
                <failure>
                  <message><![CDATA[  Expected: True
  But was:  False
]]></message>
                  <stack-trace><![CDATA[at KafkaTest.BrokerTest.PublishStreamSync() in D:\MasterKafkaRepo\Kafka\KafkaTest\BrokerTest.cs:line 75
]]></stack-trace>
                </failure>
              </test-case>
              <test-case name="KafkaTest.BrokerTest.PublishStreamWithNullValues" executed="True" result="Success" success="True" time="0.049" asserts="0" />
              <test-case name="KafkaTest.BrokerTest.PublishWhenTopicDidNotExistTest" executed="True" result="Success" success="True" time="0.004" asserts="0" />
              <test-case name="KafkaTest.BrokerTest.PublishWhenTopicExist" executed="True" result="Failure" success="False" time="0.008" asserts="0">
                <failure>
                  <message><![CDATA[Multiple failures or warnings in test:
  1)   Expected: True
  But was:  False

  2)   Expected: True
  But was:  False

]]></message>
                  <stack-trace><![CDATA[at KafkaTest.BrokerTest.PublishWhenTopicExist() in D:\MasterKafkaRepo\Kafka\KafkaTest\BrokerTest.cs:line 47
]]></stack-trace>
                </failure>
              </test-case>
              <test-case name="KafkaTest.BrokerTest.RequestMessageWithInvalidOffset" executed="True" result="Failure" success="False" time="0.004" asserts="0">
                <failure>
                  <message><![CDATA[Multiple failures or warnings in test:
  1)   Expected: True
  But was:  False

  2)   Expected: True
  But was:  False

  3)   Expected: True
  But was:  False

]]></message>
                  <stack-trace><![CDATA[at KafkaTest.BrokerTest.RequestMessageWithInvalidOffset() in D:\MasterKafkaRepo\Kafka\KafkaTest\BrokerTest.cs:line 129
]]></stack-trace>
                </failure>
              </test-case>
              <test-case name="KafkaTest.BrokerTest.RequestMessageWithInvalidTopic" executed="True" result="Success" success="True" time="0.008" asserts="0" />
              <test-case name="KafkaTest.BrokerTest.RequestMessageWithNullParametar" executed="True" result="Success" success="True" time="0.002" asserts="0" />
              <test-case name="KafkaTest.BrokerTest.RequestMessageWithValidParametars" executed="True" result="Failure" success="False" time="0.004" asserts="0">
                <failure>
                  <message><![CDATA[Multiple failures or warnings in test:
  1)   Expected: True
  But was:  False

  2)   Expected: True
  But was:  False

  3)   Expected: True
  But was:  False

  4)   Expected: True
  But was:  False

]]></message>
                  <stack-trace><![CDATA[at KafkaTest.BrokerTest.RequestMessageWithValidParametars() in D:\MasterKafkaRepo\Kafka\KafkaTest\BrokerTest.cs:line 146
]]></stack-trace>
                </failure>
              </test-case>
              <test-case name="KafkaTest.BrokerTest.RequestStream" executed="True" result="Failure" success="False" time="0.005" asserts="0">
                <failure>
                  <message><![CDATA[Multiple failures or warnings in test:
  1)   Expected: True
  But was:  False

  2)   Expected: True
  But was:  False

  3)   Expected: True
  But was:  False

  4)   Expected: True
  But was:  False

  5)   Expected: True
  But was:  False

]]></message>
                  <stack-trace><![CDATA[at KafkaTest.BrokerTest.RequestStream() in D:\MasterKafkaRepo\Kafka\KafkaTest\BrokerTest.cs:line 185
]]></stack-trace>
                </failure>
              </test-case>
              <test-case name="KafkaTest.BrokerTest.RequestStreamWithBadCount" executed="True" result="Failure" success="False" time="0.003" asserts="0">
                <failure>
                  <message><![CDATA[Multiple failures or warnings in test:
  1)   Expected: True
  But was:  False

  2)   Expected: True
  But was:  False

  3)   Expected: True
  But was:  False

  4)   Expected: True
  But was:  False

  5)   Expected: True
  But was:  False

  6)   Expected: True
  But was:  False

]]></message>
                  <stack-trace><![CDATA[at KafkaTest.BrokerTest.RequestStreamWithBadCount() in D:\MasterKafkaRepo\Kafka\KafkaTest\BrokerTest.cs:line 226
]]></stack-trace>
                </failure>
              </test-case>
              <test-case name="KafkaTest.BrokerTest.RequestStreamWithNullValues" executed="True" result="Success" success="True" time="0.002" asserts="0" />
              <test-case name="KafkaTest.BrokerTest.TopicCountTest" executed="True" result="Failure" success="False" time="0.003" asserts="0">
                <failure>
                  <message><![CDATA[Multiple failures or warnings in test:
  1)   Expected: True
  But was:  False

  2)   Expected: True
  But was:  False

  3)   Expected: True
  But was:  False

  4)   Expected: True
  But was:  False

  5)   Expected: True
  But was:  False

  6)   Expected: True
  But was:  False

  7)   Expected: True
  But was:  False

]]></message>
                  <stack-trace><![CDATA[at KafkaTest.BrokerTest.TopicCountTest() in D:\MasterKafkaRepo\Kafka\KafkaTest\BrokerTest.cs:line 251
]]></stack-trace>
                </failure>
              </test-case>
            </results>
          </test-suite>
        </results>
      </test-suite>
    </results>
  </test-suite>
</test-results>